[2024-10-16 10:23:05] local.ERROR: Maximum execution time of 60 seconds exceeded {"userId":1,"exception":"[object] (Symfony\\Component\\ErrorHandler\\Error\\FatalError(code: 0): Maximum execution time of 60 seconds exceeded at C:\\Users\\markj\\OneDrive\\Desktop\\Capstone 2\\smartserminar-suit 1.0 (1)\\smartserminar-suit\\vendor\\symfony\\http-foundation\\Response.php:15)
[stacktrace]
#0 {main}
"} 
[2024-10-16 10:32:40] local.ERROR: Maximum execution time of 60 seconds exceeded {"userId":1,"exception":"[object] (Symfony\\Component\\ErrorHandler\\Error\\FatalError(code: 0): Maximum execution time of 60 seconds exceeded at C:\\Users\\markj\\OneDrive\\Desktop\\Capstone 2\\smartserminar-suit 1.0 (1)\\smartserminar-suit\\vendor\\guzzlehttp\\guzzle\\src\\Handler\\CurlFactory.php:413)
[stacktrace]
#0 {main}
"} 
[2024-10-16 10:33:46] local.ERROR: Maximum execution time of 60 seconds exceeded {"userId":1,"exception":"[object] (Symfony\\Component\\ErrorHandler\\Error\\FatalError(code: 0): Maximum execution time of 60 seconds exceeded at C:\\Users\\markj\\OneDrive\\Desktop\\Capstone 2\\smartserminar-suit 1.0 (1)\\smartserminar-suit\\vendor\\guzzlehttp\\guzzle\\src\\Handler\\CurlFactory.php:413)
[stacktrace]
#0 {main}
"} 
[2024-10-16 10:35:05] local.ERROR: Maximum execution time of 60 seconds exceeded {"userId":1,"exception":"[object] (Symfony\\Component\\ErrorHandler\\Error\\FatalError(code: 0): Maximum execution time of 60 seconds exceeded at C:\\Users\\markj\\OneDrive\\Desktop\\Capstone 2\\smartserminar-suit 1.0 (1)\\smartserminar-suit\\vendor\\guzzlehttp\\guzzle\\src\\Handler\\CurlFactory.php:413)
[stacktrace]
#0 {main}
"} 
[2024-10-16 10:36:46] local.ERROR: Maximum execution time of 60 seconds exceeded {"userId":1,"exception":"[object] (Symfony\\Component\\ErrorHandler\\Error\\FatalError(code: 0): Maximum execution time of 60 seconds exceeded at C:\\Users\\markj\\OneDrive\\Desktop\\Capstone 2\\smartserminar-suit 1.0 (1)\\smartserminar-suit\\vendor\\guzzlehttp\\guzzle\\src\\Handler\\CurlFactory.php:413)
[stacktrace]
#0 {main}
"} 
[2024-10-16 10:37:49] local.ERROR: Maximum execution time of 60 seconds exceeded {"userId":1,"exception":"[object] (Symfony\\Component\\ErrorHandler\\Error\\FatalError(code: 0): Maximum execution time of 60 seconds exceeded at C:\\Users\\markj\\OneDrive\\Desktop\\Capstone 2\\smartserminar-suit 1.0 (1)\\smartserminar-suit\\vendor\\guzzlehttp\\guzzle\\src\\Handler\\CurlFactory.php:413)
[stacktrace]
#0 {main}
"} 
[2024-10-16 10:39:17] local.ERROR: Maximum execution time of 60 seconds exceeded {"userId":1,"exception":"[object] (Symfony\\Component\\ErrorHandler\\Error\\FatalError(code: 0): Maximum execution time of 60 seconds exceeded at C:\\Users\\markj\\OneDrive\\Desktop\\Capstone 2\\smartserminar-suit 1.0 (1)\\smartserminar-suit\\vendor\\guzzlehttp\\guzzle\\src\\Handler\\CurlFactory.php:413)
[stacktrace]
#0 {main}
"} 
[2024-10-16 10:40:18] local.ERROR: Maximum execution time of 60 seconds exceeded {"userId":1,"exception":"[object] (Symfony\\Component\\ErrorHandler\\Error\\FatalError(code: 0): Maximum execution time of 60 seconds exceeded at C:\\Users\\markj\\OneDrive\\Desktop\\Capstone 2\\smartserminar-suit 1.0 (1)\\smartserminar-suit\\vendor\\guzzlehttp\\guzzle\\src\\Handler\\CurlFactory.php:413)
[stacktrace]
#0 {main}
"} 
[2024-10-16 16:07:34] local.ERROR: Trying to access array offset on value of type null {"userId":1,"exception":"[object] (ErrorException(code: 0): Trying to access array offset on value of type null at C:\\Users\\markj\\OneDrive\\Desktop\\Capstone 2\\smartserminar-suit 1.0 (1)\\smartserminar-suit\\app\\Http\\Controllers\\Backoffice\\CertificateController.php:39)
[stacktrace]
#0 C:\\Users\\markj\\OneDrive\\Desktop\\Capstone 2\\smartserminar-suit 1.0 (1)\\smartserminar-suit\\app\\Http\\Controllers\\Backoffice\\CertificateController.php(39): Illuminate\\Foundation\\Bootstrap\\HandleExceptions->handleError(8, 'Trying to acces...', 'C:\\\\Users\\\\markj\\\\...', 39, Array)
#1 C:\\Users\\markj\\OneDrive\\Desktop\\Capstone 2\\smartserminar-suit 1.0 (1)\\smartserminar-suit\\vendor\\laravel\\framework\\src\\Illuminate\\Routing\\Controller.php(54): App\\Http\\Controllers\\Backoffice\\CertificateController->genCert('33', Object(Illuminate\\Http\\Request))
#2 C:\\Users\\markj\\OneDrive\\Desktop\\Capstone 2\\smartserminar-suit 1.0 (1)\\smartserminar-suit\\vendor\\laravel\\framework\\src\\Illuminate\\Routing\\ControllerDispatcher.php(45): Illuminate\\Routing\\Controller->callAction('genCert', Array)
#3 C:\\Users\\markj\\OneDrive\\Desktop\\Capstone 2\\smartserminar-suit 1.0 (1)\\smartserminar-suit\\vendor\\laravel\\framework\\src\\Illuminate\\Routing\\Route.php(239): Illuminate\\Routing\\ControllerDispatcher->dispatch(Object(Illuminate\\Routing\\Route), Object(App\\Http\\Controllers\\Backoffice\\CertificateController), 'genCert')
#4 C:\\Users\\markj\\OneDrive\\Desktop\\Capstone 2\\smartserminar-suit 1.0 (1)\\smartserminar-suit\\vendor\\laravel\\framework\\src\\Illuminate\\Routing\\Route.php(196): Illuminate\\Routing\\Route->runController()
#5 C:\\Users\\markj\\OneDrive\\Desktop\\Capstone 2\\smartserminar-suit 1.0 (1)\\smartserminar-suit\\vendor\\laravel\\framework\\src\\Illuminate\\Routing\\Router.php(685): Illuminate\\Routing\\Route->run()
#6 C:\\Users\\markj\\OneDrive\\Desktop\\Capstone 2\\smartserminar-suit 1.0 (1)\\smartserminar-suit\\vendor\\laravel\\framework\\src\\Illuminate\\Pipeline\\Pipeline.php(128): Illuminate\\Routing\\Router->Illuminate\\Routing\\{closure}(Object(Illuminate\\Http\\Request))
#7 C:\\Users\\markj\\OneDrive\\Desktop\\Capstone 2\\smartserminar-suit 1.0 (1)\\smartserminar-suit\\vendor\\laravel\\framework\\src\\Illuminate\\Auth\\Middleware\\Authenticate.php(44): Illuminate\\Pipeline\\Pipeline->Illuminate\\Pipeline\\{closure}(Object(Illuminate\\Http\\Request))
#8 C:\\Users\\markj\\OneDrive\\Desktop\\Capstone 2\\smartserminar-suit 1.0 (1)\\smartserminar-suit\\vendor\\laravel\\framework\\src\\Illuminate\\Pipeline\\Pipeline.php(167): Illuminate\\Auth\\Middleware\\Authenticate->handle(Object(Illuminate\\Http\\Request), Object(Closure))
#9 C:\\Users\\markj\\OneDrive\\Desktop\\Capstone 2\\smartserminar-suit 1.0 (1)\\smartserminar-suit\\vendor\\laravel\\framework\\src\\Illuminate\\Routing\\Middleware\\SubstituteBindings.php(41): Illuminate\\Pipeline\\Pipeline->Illuminate\\Pipeline\\{closure}(Object(Illuminate\\Http\\Request))
#10 C:\\Users\\markj\\OneDrive\\Desktop\\Capstone 2\\smartserminar-suit 1.0 (1)\\smartserminar-suit\\vendor\\laravel\\framework\\src\\Illuminate\\Pipeline\\Pipeline.php(167): Illuminate\\Routing\\Middleware\\SubstituteBindings->handle(Object(Illuminate\\Http\\Request), Object(Closure))
#11 C:\\Users\\markj\\OneDrive\\Desktop\\Capstone 2\\smartserminar-suit 1.0 (1)\\smartserminar-suit\\vendor\\laravel\\framework\\src\\Illuminate\\Foundation\\Http\\Middleware\\VerifyCsrfToken.php(78): Illuminate\\Pipeline\\Pipeline->Illuminate\\Pipeline\\{closure}(Object(Illuminate\\Http\\Request))
#12 C:\\Users\\markj\\OneDrive\\Desktop\\Capstone 2\\smartserminar-suit 1.0 (1)\\smartserminar-suit\\vendor\\laravel\\framework\\src\\Illuminate\\Pipeline\\Pipeline.php(167): Illuminate\\Foundation\\Http\\Middleware\\VerifyCsrfToken->handle(Object(Illuminate\\Http\\Request), Object(Closure))
#13 C:\\Users\\markj\\OneDrive\\Desktop\\Capstone 2\\smartserminar-suit 1.0 (1)\\smartserminar-suit\\vendor\\laravel\\framework\\src\\Illuminate\\View\\Middleware\\ShareErrorsFromSession.php(49): Illuminate\\Pipeline\\Pipeline->Illuminate\\Pipeline\\{closure}(Object(Illuminate\\Http\\Request))
#14 C:\\Users\\markj\\OneDrive\\Desktop\\Capstone 2\\smartserminar-suit 1.0 (1)\\smartserminar-suit\\vendor\\laravel\\framework\\src\\Illuminate\\Pipeline\\Pipeline.php(167): Illuminate\\View\\Middleware\\ShareErrorsFromSession->handle(Object(Illuminate\\Http\\Request), Object(Closure))
#15 C:\\Users\\markj\\OneDrive\\Desktop\\Capstone 2\\smartserminar-suit 1.0 (1)\\smartserminar-suit\\vendor\\laravel\\framework\\src\\Illuminate\\Session\\Middleware\\StartSession.php(116): Illuminate\\Pipeline\\Pipeline->Illuminate\\Pipeline\\{closure}(Object(Illuminate\\Http\\Request))
#16 C:\\Users\\markj\\OneDrive\\Desktop\\Capstone 2\\smartserminar-suit 1.0 (1)\\smartserminar-suit\\vendor\\laravel\\framework\\src\\Illuminate\\Session\\Middleware\\StartSession.php(62): Illuminate\\Session\\Middleware\\StartSession->handleStatefulRequest(Object(Illuminate\\Http\\Request), Object(Illuminate\\Session\\Store), Object(Closure))
#17 C:\\Users\\markj\\OneDrive\\Desktop\\Capstone 2\\smartserminar-suit 1.0 (1)\\smartserminar-suit\\vendor\\laravel\\framework\\src\\Illuminate\\Pipeline\\Pipeline.php(167): Illuminate\\Session\\Middleware\\StartSession->handle(Object(Illuminate\\Http\\Request), Object(Closure))
#18 C:\\Users\\markj\\OneDrive\\Desktop\\Capstone 2\\smartserminar-suit 1.0 (1)\\smartserminar-suit\\vendor\\laravel\\framework\\src\\Illuminate\\Cookie\\Middleware\\AddQueuedCookiesToResponse.php(37): Illuminate\\Pipeline\\Pipeline->Illuminate\\Pipeline\\{closure}(Object(Illuminate\\Http\\Request))
#19 C:\\Users\\markj\\OneDrive\\Desktop\\Capstone 2\\smartserminar-suit 1.0 (1)\\smartserminar-suit\\vendor\\laravel\\framework\\src\\Illuminate\\Pipeline\\Pipeline.php(167): Illuminate\\Cookie\\Middleware\\AddQueuedCookiesToResponse->handle(Object(Illuminate\\Http\\Request), Object(Closure))
#20 C:\\Users\\markj\\OneDrive\\Desktop\\Capstone 2\\smartserminar-suit 1.0 (1)\\smartserminar-suit\\vendor\\laravel\\framework\\src\\Illuminate\\Cookie\\Middleware\\EncryptCookies.php(67): Illuminate\\Pipeline\\Pipeline->Illuminate\\Pipeline\\{closure}(Object(Illuminate\\Http\\Request))
#21 C:\\Users\\markj\\OneDrive\\Desktop\\Capstone 2\\smartserminar-suit 1.0 (1)\\smartserminar-suit\\vendor\\laravel\\framework\\src\\Illuminate\\Pipeline\\Pipeline.php(167): Illuminate\\Cookie\\Middleware\\EncryptCookies->handle(Object(Illuminate\\Http\\Request), Object(Closure))
#22 C:\\Users\\markj\\OneDrive\\Desktop\\Capstone 2\\smartserminar-suit 1.0 (1)\\smartserminar-suit\\vendor\\laravel\\framework\\src\\Illuminate\\Pipeline\\Pipeline.php(103): Illuminate\\Pipeline\\Pipeline->Illuminate\\Pipeline\\{closure}(Object(Illuminate\\Http\\Request))
#23 C:\\Users\\markj\\OneDrive\\Desktop\\Capstone 2\\smartserminar-suit 1.0 (1)\\smartserminar-suit\\vendor\\laravel\\framework\\src\\Illuminate\\Routing\\Router.php(687): Illuminate\\Pipeline\\Pipeline->then(Object(Closure))
#24 C:\\Users\\markj\\OneDrive\\Desktop\\Capstone 2\\smartserminar-suit 1.0 (1)\\smartserminar-suit\\vendor\\laravel\\framework\\src\\Illuminate\\Routing\\Router.php(662): Illuminate\\Routing\\Router->runRouteWithinStack(Object(Illuminate\\Routing\\Route), Object(Illuminate\\Http\\Request))
#25 C:\\Users\\markj\\OneDrive\\Desktop\\Capstone 2\\smartserminar-suit 1.0 (1)\\smartserminar-suit\\vendor\\laravel\\framework\\src\\Illuminate\\Routing\\Router.php(628): Illuminate\\Routing\\Router->runRoute(Object(Illuminate\\Http\\Request), Object(Illuminate\\Routing\\Route))
#26 C:\\Users\\markj\\OneDrive\\Desktop\\Capstone 2\\smartserminar-suit 1.0 (1)\\smartserminar-suit\\vendor\\laravel\\framework\\src\\Illuminate\\Routing\\Router.php(617): Illuminate\\Routing\\Router->dispatchToRoute(Object(Illuminate\\Http\\Request))
#27 C:\\Users\\markj\\OneDrive\\Desktop\\Capstone 2\\smartserminar-suit 1.0 (1)\\smartserminar-suit\\vendor\\laravel\\framework\\src\\Illuminate\\Foundation\\Http\\Kernel.php(165): Illuminate\\Routing\\Router->dispatch(Object(Illuminate\\Http\\Request))
#28 C:\\Users\\markj\\OneDrive\\Desktop\\Capstone 2\\smartserminar-suit 1.0 (1)\\smartserminar-suit\\vendor\\laravel\\framework\\src\\Illuminate\\Pipeline\\Pipeline.php(128): Illuminate\\Foundation\\Http\\Kernel->Illuminate\\Foundation\\Http\\{closure}(Object(Illuminate\\Http\\Request))
#29 C:\\Users\\markj\\OneDrive\\Desktop\\Capstone 2\\smartserminar-suit 1.0 (1)\\smartserminar-suit\\vendor\\laravel\\framework\\src\\Illuminate\\Foundation\\Http\\Middleware\\TransformsRequest.php(21): Illuminate\\Pipeline\\Pipeline->Illuminate\\Pipeline\\{closure}(Object(Illuminate\\Http\\Request))
#30 C:\\Users\\markj\\OneDrive\\Desktop\\Capstone 2\\smartserminar-suit 1.0 (1)\\smartserminar-suit\\vendor\\laravel\\framework\\src\\Illuminate\\Pipeline\\Pipeline.php(167): Illuminate\\Foundation\\Http\\Middleware\\TransformsRequest->handle(Object(Illuminate\\Http\\Request), Object(Closure))
#31 C:\\Users\\markj\\OneDrive\\Desktop\\Capstone 2\\smartserminar-suit 1.0 (1)\\smartserminar-suit\\vendor\\laravel\\framework\\src\\Illuminate\\Foundation\\Http\\Middleware\\TransformsRequest.php(21): Illuminate\\Pipeline\\Pipeline->Illuminate\\Pipeline\\{closure}(Object(Illuminate\\Http\\Request))
#32 C:\\Users\\markj\\OneDrive\\Desktop\\Capstone 2\\smartserminar-suit 1.0 (1)\\smartserminar-suit\\vendor\\laravel\\framework\\src\\Illuminate\\Pipeline\\Pipeline.php(167): Illuminate\\Foundation\\Http\\Middleware\\TransformsRequest->handle(Object(Illuminate\\Http\\Request), Object(Closure))
#33 C:\\Users\\markj\\OneDrive\\Desktop\\Capstone 2\\smartserminar-suit 1.0 (1)\\smartserminar-suit\\vendor\\laravel\\framework\\src\\Illuminate\\Foundation\\Http\\Middleware\\ValidatePostSize.php(27): Illuminate\\Pipeline\\Pipeline->Illuminate\\Pipeline\\{closure}(Object(Illuminate\\Http\\Request))
#34 C:\\Users\\markj\\OneDrive\\Desktop\\Capstone 2\\smartserminar-suit 1.0 (1)\\smartserminar-suit\\vendor\\laravel\\framework\\src\\Illuminate\\Pipeline\\Pipeline.php(167): Illuminate\\Foundation\\Http\\Middleware\\ValidatePostSize->handle(Object(Illuminate\\Http\\Request), Object(Closure))
#35 C:\\Users\\markj\\OneDrive\\Desktop\\Capstone 2\\smartserminar-suit 1.0 (1)\\smartserminar-suit\\vendor\\laravel\\framework\\src\\Illuminate\\Foundation\\Http\\Middleware\\CheckForMaintenanceMode.php(63): Illuminate\\Pipeline\\Pipeline->Illuminate\\Pipeline\\{closure}(Object(Illuminate\\Http\\Request))
#36 C:\\Users\\markj\\OneDrive\\Desktop\\Capstone 2\\smartserminar-suit 1.0 (1)\\smartserminar-suit\\vendor\\laravel\\framework\\src\\Illuminate\\Pipeline\\Pipeline.php(167): Illuminate\\Foundation\\Http\\Middleware\\CheckForMaintenanceMode->handle(Object(Illuminate\\Http\\Request), Object(Closure))
#37 C:\\Users\\markj\\OneDrive\\Desktop\\Capstone 2\\smartserminar-suit 1.0 (1)\\smartserminar-suit\\vendor\\fideloper\\proxy\\src\\TrustProxies.php(57): Illuminate\\Pipeline\\Pipeline->Illuminate\\Pipeline\\{closure}(Object(Illuminate\\Http\\Request))
#38 C:\\Users\\markj\\OneDrive\\Desktop\\Capstone 2\\smartserminar-suit 1.0 (1)\\smartserminar-suit\\vendor\\laravel\\framework\\src\\Illuminate\\Pipeline\\Pipeline.php(167): Fideloper\\Proxy\\TrustProxies->handle(Object(Illuminate\\Http\\Request), Object(Closure))
#39 C:\\Users\\markj\\OneDrive\\Desktop\\Capstone 2\\smartserminar-suit 1.0 (1)\\smartserminar-suit\\vendor\\fruitcake\\laravel-cors\\src\\HandleCors.php(38): Illuminate\\Pipeline\\Pipeline->Illuminate\\Pipeline\\{closure}(Object(Illuminate\\Http\\Request))
#40 C:\\Users\\markj\\OneDrive\\Desktop\\Capstone 2\\smartserminar-suit 1.0 (1)\\smartserminar-suit\\vendor\\laravel\\framework\\src\\Illuminate\\Pipeline\\Pipeline.php(167): Fruitcake\\Cors\\HandleCors->handle(Object(Illuminate\\Http\\Request), Object(Closure))
#41 C:\\Users\\markj\\OneDrive\\Desktop\\Capstone 2\\smartserminar-suit 1.0 (1)\\smartserminar-suit\\vendor\\laravel\\framework\\src\\Illuminate\\Pipeline\\Pipeline.php(103): Illuminate\\Pipeline\\Pipeline->Illuminate\\Pipeline\\{closure}(Object(Illuminate\\Http\\Request))
#42 C:\\Users\\markj\\OneDrive\\Desktop\\Capstone 2\\smartserminar-suit 1.0 (1)\\smartserminar-suit\\vendor\\laravel\\framework\\src\\Illuminate\\Foundation\\Http\\Kernel.php(140): Illuminate\\Pipeline\\Pipeline->then(Object(Closure))
#43 C:\\Users\\markj\\OneDrive\\Desktop\\Capstone 2\\smartserminar-suit 1.0 (1)\\smartserminar-suit\\vendor\\laravel\\framework\\src\\Illuminate\\Foundation\\Http\\Kernel.php(109): Illuminate\\Foundation\\Http\\Kernel->sendRequestThroughRouter(Object(Illuminate\\Http\\Request))
#44 C:\\Users\\markj\\OneDrive\\Desktop\\Capstone 2\\smartserminar-suit 1.0 (1)\\smartserminar-suit\\public\\index.php(55): Illuminate\\Foundation\\Http\\Kernel->handle(Object(Illuminate\\Http\\Request))
#45 C:\\Users\\markj\\OneDrive\\Desktop\\Capstone 2\\smartserminar-suit 1.0 (1)\\smartserminar-suit\\server.php(21): require_once('C:\\\\Users\\\\markj\\\\...')
#46 {main}
"} 
