[2024-10-13 15:15:07] local.ERROR: Class 'App\Http\Controllers\Backoffice\Coordinators' not found {"userId":1,"exception":"[object] (Error(code: 0): Class 'App\\Http\\Controllers\\Backoffice\\Coordinators' not found at C:\\Users\\markj\\OneDrive\\Desktop\\Capstone 2\\smartserminar-suit 1.0 (1)\\smartserminar-suit\\app\\Http\\Controllers\\Backoffice\\EventsController.php:107)
[stacktrace]
#0 C:\\Users\\markj\\OneDrive\\Desktop\\Capstone 2\\smartserminar-suit 1.0 (1)\\smartserminar-suit\\vendor\\laravel\\framework\\src\\Illuminate\\Routing\\Controller.php(54): App\\Http\\Controllers\\Backoffice\\EventsController->store(Object(App\\Http\\Requests\\Backoffice\\EventRequest))
#1 C:\\Users\\markj\\OneDrive\\Desktop\\Capstone 2\\smartserminar-suit 1.0 (1)\\smartserminar-suit\\vendor\\laravel\\framework\\src\\Illuminate\\Routing\\ControllerDispatcher.php(45): Illuminate\\Routing\\Controller->callAction('store', Array)
#2 C:\\Users\\markj\\OneDrive\\Desktop\\Capstone 2\\smartserminar-suit 1.0 (1)\\smartserminar-suit\\vendor\\laravel\\framework\\src\\Illuminate\\Routing\\Route.php(239): Illuminate\\Routing\\ControllerDispatcher->dispatch(Object(Illuminate\\Routing\\Route), Object(App\\Http\\Controllers\\Backoffice\\EventsController), 'store')
#3 C:\\Users\\markj\\OneDrive\\Desktop\\Capstone 2\\smartserminar-suit 1.0 (1)\\smartserminar-suit\\vendor\\laravel\\framework\\src\\Illuminate\\Routing\\Route.php(196): Illuminate\\Routing\\Route->runController()
#4 C:\\Users\\markj\\OneDrive\\Desktop\\Capstone 2\\smartserminar-suit 1.0 (1)\\smartserminar-suit\\vendor\\laravel\\framework\\src\\Illuminate\\Routing\\Router.php(685): Illuminate\\Routing\\Route->run()
#5 C:\\Users\\markj\\OneDrive\\Desktop\\Capstone 2\\smartserminar-suit 1.0 (1)\\smartserminar-suit\\vendor\\laravel\\framework\\src\\Illuminate\\Pipeline\\Pipeline.php(128): Illuminate\\Routing\\Router->Illuminate\\Routing\\{closure}(Object(Illuminate\\Http\\Request))
#6 C:\\Users\\markj\\OneDrive\\Desktop\\Capstone 2\\smartserminar-suit 1.0 (1)\\smartserminar-suit\\vendor\\laravel\\framework\\src\\Illuminate\\Auth\\Middleware\\Authenticate.php(44): Illuminate\\Pipeline\\Pipeline->Illuminate\\Pipeline\\{closure}(Object(Illuminate\\Http\\Request))
#7 C:\\Users\\markj\\OneDrive\\Desktop\\Capstone 2\\smartserminar-suit 1.0 (1)\\smartserminar-suit\\vendor\\laravel\\framework\\src\\Illuminate\\Pipeline\\Pipeline.php(167): Illuminate\\Auth\\Middleware\\Authenticate->handle(Object(Illuminate\\Http\\Request), Object(Closure))
#8 C:\\Users\\markj\\OneDrive\\Desktop\\Capstone 2\\smartserminar-suit 1.0 (1)\\smartserminar-suit\\vendor\\laravel\\framework\\src\\Illuminate\\Routing\\Middleware\\SubstituteBindings.php(41): Illuminate\\Pipeline\\Pipeline->Illuminate\\Pipeline\\{closure}(Object(Illuminate\\Http\\Request))
#9 C:\\Users\\markj\\OneDrive\\Desktop\\Capstone 2\\smartserminar-suit 1.0 (1)\\smartserminar-suit\\vendor\\laravel\\framework\\src\\Illuminate\\Pipeline\\Pipeline.php(167): Illuminate\\Routing\\Middleware\\SubstituteBindings->handle(Object(Illuminate\\Http\\Request), Object(Closure))
#10 C:\\Users\\markj\\OneDrive\\Desktop\\Capstone 2\\smartserminar-suit 1.0 (1)\\smartserminar-suit\\vendor\\laravel\\framework\\src\\Illuminate\\Foundation\\Http\\Middleware\\VerifyCsrfToken.php(78): Illuminate\\Pipeline\\Pipeline->Illuminate\\Pipeline\\{closure}(Object(Illuminate\\Http\\Request))
#11 C:\\Users\\markj\\OneDrive\\Desktop\\Capstone 2\\smartserminar-suit 1.0 (1)\\smartserminar-suit\\vendor\\laravel\\framework\\src\\Illuminate\\Pipeline\\Pipeline.php(167): Illuminate\\Foundation\\Http\\Middleware\\VerifyCsrfToken->handle(Object(Illuminate\\Http\\Request), Object(Closure))
#12 C:\\Users\\markj\\OneDrive\\Desktop\\Capstone 2\\smartserminar-suit 1.0 (1)\\smartserminar-suit\\vendor\\laravel\\framework\\src\\Illuminate\\View\\Middleware\\ShareErrorsFromSession.php(49): Illuminate\\Pipeline\\Pipeline->Illuminate\\Pipeline\\{closure}(Object(Illuminate\\Http\\Request))
#13 C:\\Users\\markj\\OneDrive\\Desktop\\Capstone 2\\smartserminar-suit 1.0 (1)\\smartserminar-suit\\vendor\\laravel\\framework\\src\\Illuminate\\Pipeline\\Pipeline.php(167): Illuminate\\View\\Middleware\\ShareErrorsFromSession->handle(Object(Illuminate\\Http\\Request), Object(Closure))
#14 C:\\Users\\markj\\OneDrive\\Desktop\\Capstone 2\\smartserminar-suit 1.0 (1)\\smartserminar-suit\\vendor\\laravel\\framework\\src\\Illuminate\\Session\\Middleware\\StartSession.php(116): Illuminate\\Pipeline\\Pipeline->Illuminate\\Pipeline\\{closure}(Object(Illuminate\\Http\\Request))
#15 C:\\Users\\markj\\OneDrive\\Desktop\\Capstone 2\\smartserminar-suit 1.0 (1)\\smartserminar-suit\\vendor\\laravel\\framework\\src\\Illuminate\\Session\\Middleware\\StartSession.php(62): Illuminate\\Session\\Middleware\\StartSession->handleStatefulRequest(Object(Illuminate\\Http\\Request), Object(Illuminate\\Session\\Store), Object(Closure))
#16 C:\\Users\\markj\\OneDrive\\Desktop\\Capstone 2\\smartserminar-suit 1.0 (1)\\smartserminar-suit\\vendor\\laravel\\framework\\src\\Illuminate\\Pipeline\\Pipeline.php(167): Illuminate\\Session\\Middleware\\StartSession->handle(Object(Illuminate\\Http\\Request), Object(Closure))
#17 C:\\Users\\markj\\OneDrive\\Desktop\\Capstone 2\\smartserminar-suit 1.0 (1)\\smartserminar-suit\\vendor\\laravel\\framework\\src\\Illuminate\\Cookie\\Middleware\\AddQueuedCookiesToResponse.php(37): Illuminate\\Pipeline\\Pipeline->Illuminate\\Pipeline\\{closure}(Object(Illuminate\\Http\\Request))
#18 C:\\Users\\markj\\OneDrive\\Desktop\\Capstone 2\\smartserminar-suit 1.0 (1)\\smartserminar-suit\\vendor\\laravel\\framework\\src\\Illuminate\\Pipeline\\Pipeline.php(167): Illuminate\\Cookie\\Middleware\\AddQueuedCookiesToResponse->handle(Object(Illuminate\\Http\\Request), Object(Closure))
#19 C:\\Users\\markj\\OneDrive\\Desktop\\Capstone 2\\smartserminar-suit 1.0 (1)\\smartserminar-suit\\vendor\\laravel\\framework\\src\\Illuminate\\Cookie\\Middleware\\EncryptCookies.php(67): Illuminate\\Pipeline\\Pipeline->Illuminate\\Pipeline\\{closure}(Object(Illuminate\\Http\\Request))
#20 C:\\Users\\markj\\OneDrive\\Desktop\\Capstone 2\\smartserminar-suit 1.0 (1)\\smartserminar-suit\\vendor\\laravel\\framework\\src\\Illuminate\\Pipeline\\Pipeline.php(167): Illuminate\\Cookie\\Middleware\\EncryptCookies->handle(Object(Illuminate\\Http\\Request), Object(Closure))
#21 C:\\Users\\markj\\OneDrive\\Desktop\\Capstone 2\\smartserminar-suit 1.0 (1)\\smartserminar-suit\\vendor\\laravel\\framework\\src\\Illuminate\\Pipeline\\Pipeline.php(103): Illuminate\\Pipeline\\Pipeline->Illuminate\\Pipeline\\{closure}(Object(Illuminate\\Http\\Request))
#22 C:\\Users\\markj\\OneDrive\\Desktop\\Capstone 2\\smartserminar-suit 1.0 (1)\\smartserminar-suit\\vendor\\laravel\\framework\\src\\Illuminate\\Routing\\Router.php(687): Illuminate\\Pipeline\\Pipeline->then(Object(Closure))
#23 C:\\Users\\markj\\OneDrive\\Desktop\\Capstone 2\\smartserminar-suit 1.0 (1)\\smartserminar-suit\\vendor\\laravel\\framework\\src\\Illuminate\\Routing\\Router.php(662): Illuminate\\Routing\\Router->runRouteWithinStack(Object(Illuminate\\Routing\\Route), Object(Illuminate\\Http\\Request))
#24 C:\\Users\\markj\\OneDrive\\Desktop\\Capstone 2\\smartserminar-suit 1.0 (1)\\smartserminar-suit\\vendor\\laravel\\framework\\src\\Illuminate\\Routing\\Router.php(628): Illuminate\\Routing\\Router->runRoute(Object(Illuminate\\Http\\Request), Object(Illuminate\\Routing\\Route))
#25 C:\\Users\\markj\\OneDrive\\Desktop\\Capstone 2\\smartserminar-suit 1.0 (1)\\smartserminar-suit\\vendor\\laravel\\framework\\src\\Illuminate\\Routing\\Router.php(617): Illuminate\\Routing\\Router->dispatchToRoute(Object(Illuminate\\Http\\Request))
#26 C:\\Users\\markj\\OneDrive\\Desktop\\Capstone 2\\smartserminar-suit 1.0 (1)\\smartserminar-suit\\vendor\\laravel\\framework\\src\\Illuminate\\Foundation\\Http\\Kernel.php(165): Illuminate\\Routing\\Router->dispatch(Object(Illuminate\\Http\\Request))
#27 C:\\Users\\markj\\OneDrive\\Desktop\\Capstone 2\\smartserminar-suit 1.0 (1)\\smartserminar-suit\\vendor\\laravel\\framework\\src\\Illuminate\\Pipeline\\Pipeline.php(128): Illuminate\\Foundation\\Http\\Kernel->Illuminate\\Foundation\\Http\\{closure}(Object(Illuminate\\Http\\Request))
#28 C:\\Users\\markj\\OneDrive\\Desktop\\Capstone 2\\smartserminar-suit 1.0 (1)\\smartserminar-suit\\vendor\\laravel\\framework\\src\\Illuminate\\Foundation\\Http\\Middleware\\TransformsRequest.php(21): Illuminate\\Pipeline\\Pipeline->Illuminate\\Pipeline\\{closure}(Object(Illuminate\\Http\\Request))
#29 C:\\Users\\markj\\OneDrive\\Desktop\\Capstone 2\\smartserminar-suit 1.0 (1)\\smartserminar-suit\\vendor\\laravel\\framework\\src\\Illuminate\\Pipeline\\Pipeline.php(167): Illuminate\\Foundation\\Http\\Middleware\\TransformsRequest->handle(Object(Illuminate\\Http\\Request), Object(Closure))
#30 C:\\Users\\markj\\OneDrive\\Desktop\\Capstone 2\\smartserminar-suit 1.0 (1)\\smartserminar-suit\\vendor\\laravel\\framework\\src\\Illuminate\\Foundation\\Http\\Middleware\\TransformsRequest.php(21): Illuminate\\Pipeline\\Pipeline->Illuminate\\Pipeline\\{closure}(Object(Illuminate\\Http\\Request))
#31 C:\\Users\\markj\\OneDrive\\Desktop\\Capstone 2\\smartserminar-suit 1.0 (1)\\smartserminar-suit\\vendor\\laravel\\framework\\src\\Illuminate\\Pipeline\\Pipeline.php(167): Illuminate\\Foundation\\Http\\Middleware\\TransformsRequest->handle(Object(Illuminate\\Http\\Request), Object(Closure))
#32 C:\\Users\\markj\\OneDrive\\Desktop\\Capstone 2\\smartserminar-suit 1.0 (1)\\smartserminar-suit\\vendor\\laravel\\framework\\src\\Illuminate\\Foundation\\Http\\Middleware\\ValidatePostSize.php(27): Illuminate\\Pipeline\\Pipeline->Illuminate\\Pipeline\\{closure}(Object(Illuminate\\Http\\Request))
#33 C:\\Users\\markj\\OneDrive\\Desktop\\Capstone 2\\smartserminar-suit 1.0 (1)\\smartserminar-suit\\vendor\\laravel\\framework\\src\\Illuminate\\Pipeline\\Pipeline.php(167): Illuminate\\Foundation\\Http\\Middleware\\ValidatePostSize->handle(Object(Illuminate\\Http\\Request), Object(Closure))
#34 C:\\Users\\markj\\OneDrive\\Desktop\\Capstone 2\\smartserminar-suit 1.0 (1)\\smartserminar-suit\\vendor\\laravel\\framework\\src\\Illuminate\\Foundation\\Http\\Middleware\\CheckForMaintenanceMode.php(63): Illuminate\\Pipeline\\Pipeline->Illuminate\\Pipeline\\{closure}(Object(Illuminate\\Http\\Request))
#35 C:\\Users\\markj\\OneDrive\\Desktop\\Capstone 2\\smartserminar-suit 1.0 (1)\\smartserminar-suit\\vendor\\laravel\\framework\\src\\Illuminate\\Pipeline\\Pipeline.php(167): Illuminate\\Foundation\\Http\\Middleware\\CheckForMaintenanceMode->handle(Object(Illuminate\\Http\\Request), Object(Closure))
#36 C:\\Users\\markj\\OneDrive\\Desktop\\Capstone 2\\smartserminar-suit 1.0 (1)\\smartserminar-suit\\vendor\\fideloper\\proxy\\src\\TrustProxies.php(57): Illuminate\\Pipeline\\Pipeline->Illuminate\\Pipeline\\{closure}(Object(Illuminate\\Http\\Request))
#37 C:\\Users\\markj\\OneDrive\\Desktop\\Capstone 2\\smartserminar-suit 1.0 (1)\\smartserminar-suit\\vendor\\laravel\\framework\\src\\Illuminate\\Pipeline\\Pipeline.php(167): Fideloper\\Proxy\\TrustProxies->handle(Object(Illuminate\\Http\\Request), Object(Closure))
#38 C:\\Users\\markj\\OneDrive\\Desktop\\Capstone 2\\smartserminar-suit 1.0 (1)\\smartserminar-suit\\vendor\\fruitcake\\laravel-cors\\src\\HandleCors.php(38): Illuminate\\Pipeline\\Pipeline->Illuminate\\Pipeline\\{closure}(Object(Illuminate\\Http\\Request))
#39 C:\\Users\\markj\\OneDrive\\Desktop\\Capstone 2\\smartserminar-suit 1.0 (1)\\smartserminar-suit\\vendor\\laravel\\framework\\src\\Illuminate\\Pipeline\\Pipeline.php(167): Fruitcake\\Cors\\HandleCors->handle(Object(Illuminate\\Http\\Request), Object(Closure))
#40 C:\\Users\\markj\\OneDrive\\Desktop\\Capstone 2\\smartserminar-suit 1.0 (1)\\smartserminar-suit\\vendor\\laravel\\framework\\src\\Illuminate\\Pipeline\\Pipeline.php(103): Illuminate\\Pipeline\\Pipeline->Illuminate\\Pipeline\\{closure}(Object(Illuminate\\Http\\Request))
#41 C:\\Users\\markj\\OneDrive\\Desktop\\Capstone 2\\smartserminar-suit 1.0 (1)\\smartserminar-suit\\vendor\\laravel\\framework\\src\\Illuminate\\Foundation\\Http\\Kernel.php(140): Illuminate\\Pipeline\\Pipeline->then(Object(Closure))
#42 C:\\Users\\markj\\OneDrive\\Desktop\\Capstone 2\\smartserminar-suit 1.0 (1)\\smartserminar-suit\\vendor\\laravel\\framework\\src\\Illuminate\\Foundation\\Http\\Kernel.php(109): Illuminate\\Foundation\\Http\\Kernel->sendRequestThroughRouter(Object(Illuminate\\Http\\Request))
#43 C:\\Users\\markj\\OneDrive\\Desktop\\Capstone 2\\smartserminar-suit 1.0 (1)\\smartserminar-suit\\public\\index.php(55): Illuminate\\Foundation\\Http\\Kernel->handle(Object(Illuminate\\Http\\Request))
#44 C:\\Users\\markj\\OneDrive\\Desktop\\Capstone 2\\smartserminar-suit 1.0 (1)\\smartserminar-suit\\server.php(21): require_once('C:\\\\Users\\\\markj\\\\...')
#45 {main}
"} 
[2024-10-13 15:20:23] local.ERROR: Class 'App\Http\Controllers\Backoffice\Coordinators' not found {"userId":1,"exception":"[object] (Error(code: 0): Class 'App\\Http\\Controllers\\Backoffice\\Coordinators' not found at C:\\Users\\markj\\OneDrive\\Desktop\\Capstone 2\\smartserminar-suit 1.0 (1)\\smartserminar-suit\\app\\Http\\Controllers\\Backoffice\\EventsController.php:107)
[stacktrace]
#0 C:\\Users\\markj\\OneDrive\\Desktop\\Capstone 2\\smartserminar-suit 1.0 (1)\\smartserminar-suit\\vendor\\laravel\\framework\\src\\Illuminate\\Routing\\Controller.php(54): App\\Http\\Controllers\\Backoffice\\EventsController->store(Object(App\\Http\\Requests\\Backoffice\\EventRequest))
#1 C:\\Users\\markj\\OneDrive\\Desktop\\Capstone 2\\smartserminar-suit 1.0 (1)\\smartserminar-suit\\vendor\\laravel\\framework\\src\\Illuminate\\Routing\\ControllerDispatcher.php(45): Illuminate\\Routing\\Controller->callAction('store', Array)
#2 C:\\Users\\markj\\OneDrive\\Desktop\\Capstone 2\\smartserminar-suit 1.0 (1)\\smartserminar-suit\\vendor\\laravel\\framework\\src\\Illuminate\\Routing\\Route.php(239): Illuminate\\Routing\\ControllerDispatcher->dispatch(Object(Illuminate\\Routing\\Route), Object(App\\Http\\Controllers\\Backoffice\\EventsController), 'store')
#3 C:\\Users\\markj\\OneDrive\\Desktop\\Capstone 2\\smartserminar-suit 1.0 (1)\\smartserminar-suit\\vendor\\laravel\\framework\\src\\Illuminate\\Routing\\Route.php(196): Illuminate\\Routing\\Route->runController()
#4 C:\\Users\\markj\\OneDrive\\Desktop\\Capstone 2\\smartserminar-suit 1.0 (1)\\smartserminar-suit\\vendor\\laravel\\framework\\src\\Illuminate\\Routing\\Router.php(685): Illuminate\\Routing\\Route->run()
#5 C:\\Users\\markj\\OneDrive\\Desktop\\Capstone 2\\smartserminar-suit 1.0 (1)\\smartserminar-suit\\vendor\\laravel\\framework\\src\\Illuminate\\Pipeline\\Pipeline.php(128): Illuminate\\Routing\\Router->Illuminate\\Routing\\{closure}(Object(Illuminate\\Http\\Request))
#6 C:\\Users\\markj\\OneDrive\\Desktop\\Capstone 2\\smartserminar-suit 1.0 (1)\\smartserminar-suit\\vendor\\laravel\\framework\\src\\Illuminate\\Auth\\Middleware\\Authenticate.php(44): Illuminate\\Pipeline\\Pipeline->Illuminate\\Pipeline\\{closure}(Object(Illuminate\\Http\\Request))
#7 C:\\Users\\markj\\OneDrive\\Desktop\\Capstone 2\\smartserminar-suit 1.0 (1)\\smartserminar-suit\\vendor\\laravel\\framework\\src\\Illuminate\\Pipeline\\Pipeline.php(167): Illuminate\\Auth\\Middleware\\Authenticate->handle(Object(Illuminate\\Http\\Request), Object(Closure))
#8 C:\\Users\\markj\\OneDrive\\Desktop\\Capstone 2\\smartserminar-suit 1.0 (1)\\smartserminar-suit\\vendor\\laravel\\framework\\src\\Illuminate\\Routing\\Middleware\\SubstituteBindings.php(41): Illuminate\\Pipeline\\Pipeline->Illuminate\\Pipeline\\{closure}(Object(Illuminate\\Http\\Request))
#9 C:\\Users\\markj\\OneDrive\\Desktop\\Capstone 2\\smartserminar-suit 1.0 (1)\\smartserminar-suit\\vendor\\laravel\\framework\\src\\Illuminate\\Pipeline\\Pipeline.php(167): Illuminate\\Routing\\Middleware\\SubstituteBindings->handle(Object(Illuminate\\Http\\Request), Object(Closure))
#10 C:\\Users\\markj\\OneDrive\\Desktop\\Capstone 2\\smartserminar-suit 1.0 (1)\\smartserminar-suit\\vendor\\laravel\\framework\\src\\Illuminate\\Foundation\\Http\\Middleware\\VerifyCsrfToken.php(78): Illuminate\\Pipeline\\Pipeline->Illuminate\\Pipeline\\{closure}(Object(Illuminate\\Http\\Request))
#11 C:\\Users\\markj\\OneDrive\\Desktop\\Capstone 2\\smartserminar-suit 1.0 (1)\\smartserminar-suit\\vendor\\laravel\\framework\\src\\Illuminate\\Pipeline\\Pipeline.php(167): Illuminate\\Foundation\\Http\\Middleware\\VerifyCsrfToken->handle(Object(Illuminate\\Http\\Request), Object(Closure))
#12 C:\\Users\\markj\\OneDrive\\Desktop\\Capstone 2\\smartserminar-suit 1.0 (1)\\smartserminar-suit\\vendor\\laravel\\framework\\src\\Illuminate\\View\\Middleware\\ShareErrorsFromSession.php(49): Illuminate\\Pipeline\\Pipeline->Illuminate\\Pipeline\\{closure}(Object(Illuminate\\Http\\Request))
#13 C:\\Users\\markj\\OneDrive\\Desktop\\Capstone 2\\smartserminar-suit 1.0 (1)\\smartserminar-suit\\vendor\\laravel\\framework\\src\\Illuminate\\Pipeline\\Pipeline.php(167): Illuminate\\View\\Middleware\\ShareErrorsFromSession->handle(Object(Illuminate\\Http\\Request), Object(Closure))
#14 C:\\Users\\markj\\OneDrive\\Desktop\\Capstone 2\\smartserminar-suit 1.0 (1)\\smartserminar-suit\\vendor\\laravel\\framework\\src\\Illuminate\\Session\\Middleware\\StartSession.php(116): Illuminate\\Pipeline\\Pipeline->Illuminate\\Pipeline\\{closure}(Object(Illuminate\\Http\\Request))
#15 C:\\Users\\markj\\OneDrive\\Desktop\\Capstone 2\\smartserminar-suit 1.0 (1)\\smartserminar-suit\\vendor\\laravel\\framework\\src\\Illuminate\\Session\\Middleware\\StartSession.php(62): Illuminate\\Session\\Middleware\\StartSession->handleStatefulRequest(Object(Illuminate\\Http\\Request), Object(Illuminate\\Session\\Store), Object(Closure))
#16 C:\\Users\\markj\\OneDrive\\Desktop\\Capstone 2\\smartserminar-suit 1.0 (1)\\smartserminar-suit\\vendor\\laravel\\framework\\src\\Illuminate\\Pipeline\\Pipeline.php(167): Illuminate\\Session\\Middleware\\StartSession->handle(Object(Illuminate\\Http\\Request), Object(Closure))
#17 C:\\Users\\markj\\OneDrive\\Desktop\\Capstone 2\\smartserminar-suit 1.0 (1)\\smartserminar-suit\\vendor\\laravel\\framework\\src\\Illuminate\\Cookie\\Middleware\\AddQueuedCookiesToResponse.php(37): Illuminate\\Pipeline\\Pipeline->Illuminate\\Pipeline\\{closure}(Object(Illuminate\\Http\\Request))
#18 C:\\Users\\markj\\OneDrive\\Desktop\\Capstone 2\\smartserminar-suit 1.0 (1)\\smartserminar-suit\\vendor\\laravel\\framework\\src\\Illuminate\\Pipeline\\Pipeline.php(167): Illuminate\\Cookie\\Middleware\\AddQueuedCookiesToResponse->handle(Object(Illuminate\\Http\\Request), Object(Closure))
#19 C:\\Users\\markj\\OneDrive\\Desktop\\Capstone 2\\smartserminar-suit 1.0 (1)\\smartserminar-suit\\vendor\\laravel\\framework\\src\\Illuminate\\Cookie\\Middleware\\EncryptCookies.php(67): Illuminate\\Pipeline\\Pipeline->Illuminate\\Pipeline\\{closure}(Object(Illuminate\\Http\\Request))
#20 C:\\Users\\markj\\OneDrive\\Desktop\\Capstone 2\\smartserminar-suit 1.0 (1)\\smartserminar-suit\\vendor\\laravel\\framework\\src\\Illuminate\\Pipeline\\Pipeline.php(167): Illuminate\\Cookie\\Middleware\\EncryptCookies->handle(Object(Illuminate\\Http\\Request), Object(Closure))
#21 C:\\Users\\markj\\OneDrive\\Desktop\\Capstone 2\\smartserminar-suit 1.0 (1)\\smartserminar-suit\\vendor\\laravel\\framework\\src\\Illuminate\\Pipeline\\Pipeline.php(103): Illuminate\\Pipeline\\Pipeline->Illuminate\\Pipeline\\{closure}(Object(Illuminate\\Http\\Request))
#22 C:\\Users\\markj\\OneDrive\\Desktop\\Capstone 2\\smartserminar-suit 1.0 (1)\\smartserminar-suit\\vendor\\laravel\\framework\\src\\Illuminate\\Routing\\Router.php(687): Illuminate\\Pipeline\\Pipeline->then(Object(Closure))
#23 C:\\Users\\markj\\OneDrive\\Desktop\\Capstone 2\\smartserminar-suit 1.0 (1)\\smartserminar-suit\\vendor\\laravel\\framework\\src\\Illuminate\\Routing\\Router.php(662): Illuminate\\Routing\\Router->runRouteWithinStack(Object(Illuminate\\Routing\\Route), Object(Illuminate\\Http\\Request))
#24 C:\\Users\\markj\\OneDrive\\Desktop\\Capstone 2\\smartserminar-suit 1.0 (1)\\smartserminar-suit\\vendor\\laravel\\framework\\src\\Illuminate\\Routing\\Router.php(628): Illuminate\\Routing\\Router->runRoute(Object(Illuminate\\Http\\Request), Object(Illuminate\\Routing\\Route))
#25 C:\\Users\\markj\\OneDrive\\Desktop\\Capstone 2\\smartserminar-suit 1.0 (1)\\smartserminar-suit\\vendor\\laravel\\framework\\src\\Illuminate\\Routing\\Router.php(617): Illuminate\\Routing\\Router->dispatchToRoute(Object(Illuminate\\Http\\Request))
#26 C:\\Users\\markj\\OneDrive\\Desktop\\Capstone 2\\smartserminar-suit 1.0 (1)\\smartserminar-suit\\vendor\\laravel\\framework\\src\\Illuminate\\Foundation\\Http\\Kernel.php(165): Illuminate\\Routing\\Router->dispatch(Object(Illuminate\\Http\\Request))
#27 C:\\Users\\markj\\OneDrive\\Desktop\\Capstone 2\\smartserminar-suit 1.0 (1)\\smartserminar-suit\\vendor\\laravel\\framework\\src\\Illuminate\\Pipeline\\Pipeline.php(128): Illuminate\\Foundation\\Http\\Kernel->Illuminate\\Foundation\\Http\\{closure}(Object(Illuminate\\Http\\Request))
#28 C:\\Users\\markj\\OneDrive\\Desktop\\Capstone 2\\smartserminar-suit 1.0 (1)\\smartserminar-suit\\vendor\\laravel\\framework\\src\\Illuminate\\Foundation\\Http\\Middleware\\TransformsRequest.php(21): Illuminate\\Pipeline\\Pipeline->Illuminate\\Pipeline\\{closure}(Object(Illuminate\\Http\\Request))
#29 C:\\Users\\markj\\OneDrive\\Desktop\\Capstone 2\\smartserminar-suit 1.0 (1)\\smartserminar-suit\\vendor\\laravel\\framework\\src\\Illuminate\\Pipeline\\Pipeline.php(167): Illuminate\\Foundation\\Http\\Middleware\\TransformsRequest->handle(Object(Illuminate\\Http\\Request), Object(Closure))
#30 C:\\Users\\markj\\OneDrive\\Desktop\\Capstone 2\\smartserminar-suit 1.0 (1)\\smartserminar-suit\\vendor\\laravel\\framework\\src\\Illuminate\\Foundation\\Http\\Middleware\\TransformsRequest.php(21): Illuminate\\Pipeline\\Pipeline->Illuminate\\Pipeline\\{closure}(Object(Illuminate\\Http\\Request))
#31 C:\\Users\\markj\\OneDrive\\Desktop\\Capstone 2\\smartserminar-suit 1.0 (1)\\smartserminar-suit\\vendor\\laravel\\framework\\src\\Illuminate\\Pipeline\\Pipeline.php(167): Illuminate\\Foundation\\Http\\Middleware\\TransformsRequest->handle(Object(Illuminate\\Http\\Request), Object(Closure))
#32 C:\\Users\\markj\\OneDrive\\Desktop\\Capstone 2\\smartserminar-suit 1.0 (1)\\smartserminar-suit\\vendor\\laravel\\framework\\src\\Illuminate\\Foundation\\Http\\Middleware\\ValidatePostSize.php(27): Illuminate\\Pipeline\\Pipeline->Illuminate\\Pipeline\\{closure}(Object(Illuminate\\Http\\Request))
#33 C:\\Users\\markj\\OneDrive\\Desktop\\Capstone 2\\smartserminar-suit 1.0 (1)\\smartserminar-suit\\vendor\\laravel\\framework\\src\\Illuminate\\Pipeline\\Pipeline.php(167): Illuminate\\Foundation\\Http\\Middleware\\ValidatePostSize->handle(Object(Illuminate\\Http\\Request), Object(Closure))
#34 C:\\Users\\markj\\OneDrive\\Desktop\\Capstone 2\\smartserminar-suit 1.0 (1)\\smartserminar-suit\\vendor\\laravel\\framework\\src\\Illuminate\\Foundation\\Http\\Middleware\\CheckForMaintenanceMode.php(63): Illuminate\\Pipeline\\Pipeline->Illuminate\\Pipeline\\{closure}(Object(Illuminate\\Http\\Request))
#35 C:\\Users\\markj\\OneDrive\\Desktop\\Capstone 2\\smartserminar-suit 1.0 (1)\\smartserminar-suit\\vendor\\laravel\\framework\\src\\Illuminate\\Pipeline\\Pipeline.php(167): Illuminate\\Foundation\\Http\\Middleware\\CheckForMaintenanceMode->handle(Object(Illuminate\\Http\\Request), Object(Closure))
#36 C:\\Users\\markj\\OneDrive\\Desktop\\Capstone 2\\smartserminar-suit 1.0 (1)\\smartserminar-suit\\vendor\\fideloper\\proxy\\src\\TrustProxies.php(57): Illuminate\\Pipeline\\Pipeline->Illuminate\\Pipeline\\{closure}(Object(Illuminate\\Http\\Request))
#37 C:\\Users\\markj\\OneDrive\\Desktop\\Capstone 2\\smartserminar-suit 1.0 (1)\\smartserminar-suit\\vendor\\laravel\\framework\\src\\Illuminate\\Pipeline\\Pipeline.php(167): Fideloper\\Proxy\\TrustProxies->handle(Object(Illuminate\\Http\\Request), Object(Closure))
#38 C:\\Users\\markj\\OneDrive\\Desktop\\Capstone 2\\smartserminar-suit 1.0 (1)\\smartserminar-suit\\vendor\\fruitcake\\laravel-cors\\src\\HandleCors.php(38): Illuminate\\Pipeline\\Pipeline->Illuminate\\Pipeline\\{closure}(Object(Illuminate\\Http\\Request))
#39 C:\\Users\\markj\\OneDrive\\Desktop\\Capstone 2\\smartserminar-suit 1.0 (1)\\smartserminar-suit\\vendor\\laravel\\framework\\src\\Illuminate\\Pipeline\\Pipeline.php(167): Fruitcake\\Cors\\HandleCors->handle(Object(Illuminate\\Http\\Request), Object(Closure))
#40 C:\\Users\\markj\\OneDrive\\Desktop\\Capstone 2\\smartserminar-suit 1.0 (1)\\smartserminar-suit\\vendor\\laravel\\framework\\src\\Illuminate\\Pipeline\\Pipeline.php(103): Illuminate\\Pipeline\\Pipeline->Illuminate\\Pipeline\\{closure}(Object(Illuminate\\Http\\Request))
#41 C:\\Users\\markj\\OneDrive\\Desktop\\Capstone 2\\smartserminar-suit 1.0 (1)\\smartserminar-suit\\vendor\\laravel\\framework\\src\\Illuminate\\Foundation\\Http\\Kernel.php(140): Illuminate\\Pipeline\\Pipeline->then(Object(Closure))
#42 C:\\Users\\markj\\OneDrive\\Desktop\\Capstone 2\\smartserminar-suit 1.0 (1)\\smartserminar-suit\\vendor\\laravel\\framework\\src\\Illuminate\\Foundation\\Http\\Kernel.php(109): Illuminate\\Foundation\\Http\\Kernel->sendRequestThroughRouter(Object(Illuminate\\Http\\Request))
#43 C:\\Users\\markj\\OneDrive\\Desktop\\Capstone 2\\smartserminar-suit 1.0 (1)\\smartserminar-suit\\public\\index.php(55): Illuminate\\Foundation\\Http\\Kernel->handle(Object(Illuminate\\Http\\Request))
#44 C:\\Users\\markj\\OneDrive\\Desktop\\Capstone 2\\smartserminar-suit 1.0 (1)\\smartserminar-suit\\server.php(21): require_once('C:\\\\Users\\\\markj\\\\...')
#45 {main}
"} 
[2024-10-13 15:21:01] local.ERROR: Unsupported image type application/x-empty. GD driver is only able to decode JPG, PNG, GIF, BMP or WebP files. {"userId":1,"exception":"[object] (Intervention\\Image\\Exception\\NotReadableException(code: 0): Unsupported image type application/x-empty. GD driver is only able to decode JPG, PNG, GIF, BMP or WebP files. at C:\\Users\\markj\\OneDrive\\Desktop\\Capstone 2\\smartserminar-suit 1.0 (1)\\smartserminar-suit\\vendor\\intervention\\image\\src\\Intervention\\Image\\Gd\\Decoder.php:75)
[stacktrace]
#0 C:\\Users\\markj\\OneDrive\\Desktop\\Capstone 2\\smartserminar-suit 1.0 (1)\\smartserminar-suit\\vendor\\intervention\\image\\src\\Intervention\\Image\\AbstractDecoder.php(344): Intervention\\Image\\Gd\\Decoder->initFromPath('C:\\\\Users\\\\markj\\\\...')
#1 C:\\Users\\markj\\OneDrive\\Desktop\\Capstone 2\\smartserminar-suit 1.0 (1)\\smartserminar-suit\\vendor\\intervention\\image\\src\\Intervention\\Image\\AbstractDriver.php(66): Intervention\\Image\\AbstractDecoder->init('C:\\\\Users\\\\markj\\\\...')
#2 C:\\Users\\markj\\OneDrive\\Desktop\\Capstone 2\\smartserminar-suit 1.0 (1)\\smartserminar-suit\\vendor\\intervention\\image\\src\\Intervention\\Image\\ImageManager.php(54): Intervention\\Image\\AbstractDriver->init('C:\\\\Users\\\\markj\\\\...')
#3 C:\\Users\\markj\\OneDrive\\Desktop\\Capstone 2\\smartserminar-suit 1.0 (1)\\smartserminar-suit\\vendor\\laravel\\framework\\src\\Illuminate\\Support\\Facades\\Facade.php(261): Intervention\\Image\\ImageManager->make('C:\\\\Users\\\\markj\\\\...')
#4 C:\\Users\\markj\\OneDrive\\Desktop\\Capstone 2\\smartserminar-suit 1.0 (1)\\smartserminar-suit\\app\\Logic\\ImageUploader.php(47): Illuminate\\Support\\Facades\\Facade::__callStatic('make', Array)
#5 C:\\Users\\markj\\OneDrive\\Desktop\\Capstone 2\\smartserminar-suit 1.0 (1)\\smartserminar-suit\\app\\Http\\Controllers\\Backoffice\\EventsController.php(101): App\\Logic\\ImageUploader::upload(Object(Illuminate\\Http\\UploadedFile), 'storage/coordin...')
#6 C:\\Users\\markj\\OneDrive\\Desktop\\Capstone 2\\smartserminar-suit 1.0 (1)\\smartserminar-suit\\vendor\\laravel\\framework\\src\\Illuminate\\Routing\\Controller.php(54): App\\Http\\Controllers\\Backoffice\\EventsController->store(Object(App\\Http\\Requests\\Backoffice\\EventRequest))
#7 C:\\Users\\markj\\OneDrive\\Desktop\\Capstone 2\\smartserminar-suit 1.0 (1)\\smartserminar-suit\\vendor\\laravel\\framework\\src\\Illuminate\\Routing\\ControllerDispatcher.php(45): Illuminate\\Routing\\Controller->callAction('store', Array)
#8 C:\\Users\\markj\\OneDrive\\Desktop\\Capstone 2\\smartserminar-suit 1.0 (1)\\smartserminar-suit\\vendor\\laravel\\framework\\src\\Illuminate\\Routing\\Route.php(239): Illuminate\\Routing\\ControllerDispatcher->dispatch(Object(Illuminate\\Routing\\Route), Object(App\\Http\\Controllers\\Backoffice\\EventsController), 'store')
#9 C:\\Users\\markj\\OneDrive\\Desktop\\Capstone 2\\smartserminar-suit 1.0 (1)\\smartserminar-suit\\vendor\\laravel\\framework\\src\\Illuminate\\Routing\\Route.php(196): Illuminate\\Routing\\Route->runController()
#10 C:\\Users\\markj\\OneDrive\\Desktop\\Capstone 2\\smartserminar-suit 1.0 (1)\\smartserminar-suit\\vendor\\laravel\\framework\\src\\Illuminate\\Routing\\Router.php(685): Illuminate\\Routing\\Route->run()
#11 C:\\Users\\markj\\OneDrive\\Desktop\\Capstone 2\\smartserminar-suit 1.0 (1)\\smartserminar-suit\\vendor\\laravel\\framework\\src\\Illuminate\\Pipeline\\Pipeline.php(128): Illuminate\\Routing\\Router->Illuminate\\Routing\\{closure}(Object(Illuminate\\Http\\Request))
#12 C:\\Users\\markj\\OneDrive\\Desktop\\Capstone 2\\smartserminar-suit 1.0 (1)\\smartserminar-suit\\vendor\\laravel\\framework\\src\\Illuminate\\Auth\\Middleware\\Authenticate.php(44): Illuminate\\Pipeline\\Pipeline->Illuminate\\Pipeline\\{closure}(Object(Illuminate\\Http\\Request))
#13 C:\\Users\\markj\\OneDrive\\Desktop\\Capstone 2\\smartserminar-suit 1.0 (1)\\smartserminar-suit\\vendor\\laravel\\framework\\src\\Illuminate\\Pipeline\\Pipeline.php(167): Illuminate\\Auth\\Middleware\\Authenticate->handle(Object(Illuminate\\Http\\Request), Object(Closure))
#14 C:\\Users\\markj\\OneDrive\\Desktop\\Capstone 2\\smartserminar-suit 1.0 (1)\\smartserminar-suit\\vendor\\laravel\\framework\\src\\Illuminate\\Routing\\Middleware\\SubstituteBindings.php(41): Illuminate\\Pipeline\\Pipeline->Illuminate\\Pipeline\\{closure}(Object(Illuminate\\Http\\Request))
#15 C:\\Users\\markj\\OneDrive\\Desktop\\Capstone 2\\smartserminar-suit 1.0 (1)\\smartserminar-suit\\vendor\\laravel\\framework\\src\\Illuminate\\Pipeline\\Pipeline.php(167): Illuminate\\Routing\\Middleware\\SubstituteBindings->handle(Object(Illuminate\\Http\\Request), Object(Closure))
#16 C:\\Users\\markj\\OneDrive\\Desktop\\Capstone 2\\smartserminar-suit 1.0 (1)\\smartserminar-suit\\vendor\\laravel\\framework\\src\\Illuminate\\Foundation\\Http\\Middleware\\VerifyCsrfToken.php(78): Illuminate\\Pipeline\\Pipeline->Illuminate\\Pipeline\\{closure}(Object(Illuminate\\Http\\Request))
#17 C:\\Users\\markj\\OneDrive\\Desktop\\Capstone 2\\smartserminar-suit 1.0 (1)\\smartserminar-suit\\vendor\\laravel\\framework\\src\\Illuminate\\Pipeline\\Pipeline.php(167): Illuminate\\Foundation\\Http\\Middleware\\VerifyCsrfToken->handle(Object(Illuminate\\Http\\Request), Object(Closure))
#18 C:\\Users\\markj\\OneDrive\\Desktop\\Capstone 2\\smartserminar-suit 1.0 (1)\\smartserminar-suit\\vendor\\laravel\\framework\\src\\Illuminate\\View\\Middleware\\ShareErrorsFromSession.php(49): Illuminate\\Pipeline\\Pipeline->Illuminate\\Pipeline\\{closure}(Object(Illuminate\\Http\\Request))
#19 C:\\Users\\markj\\OneDrive\\Desktop\\Capstone 2\\smartserminar-suit 1.0 (1)\\smartserminar-suit\\vendor\\laravel\\framework\\src\\Illuminate\\Pipeline\\Pipeline.php(167): Illuminate\\View\\Middleware\\ShareErrorsFromSession->handle(Object(Illuminate\\Http\\Request), Object(Closure))
#20 C:\\Users\\markj\\OneDrive\\Desktop\\Capstone 2\\smartserminar-suit 1.0 (1)\\smartserminar-suit\\vendor\\laravel\\framework\\src\\Illuminate\\Session\\Middleware\\StartSession.php(116): Illuminate\\Pipeline\\Pipeline->Illuminate\\Pipeline\\{closure}(Object(Illuminate\\Http\\Request))
#21 C:\\Users\\markj\\OneDrive\\Desktop\\Capstone 2\\smartserminar-suit 1.0 (1)\\smartserminar-suit\\vendor\\laravel\\framework\\src\\Illuminate\\Session\\Middleware\\StartSession.php(62): Illuminate\\Session\\Middleware\\StartSession->handleStatefulRequest(Object(Illuminate\\Http\\Request), Object(Illuminate\\Session\\Store), Object(Closure))
#22 C:\\Users\\markj\\OneDrive\\Desktop\\Capstone 2\\smartserminar-suit 1.0 (1)\\smartserminar-suit\\vendor\\laravel\\framework\\src\\Illuminate\\Pipeline\\Pipeline.php(167): Illuminate\\Session\\Middleware\\StartSession->handle(Object(Illuminate\\Http\\Request), Object(Closure))
#23 C:\\Users\\markj\\OneDrive\\Desktop\\Capstone 2\\smartserminar-suit 1.0 (1)\\smartserminar-suit\\vendor\\laravel\\framework\\src\\Illuminate\\Cookie\\Middleware\\AddQueuedCookiesToResponse.php(37): Illuminate\\Pipeline\\Pipeline->Illuminate\\Pipeline\\{closure}(Object(Illuminate\\Http\\Request))
#24 C:\\Users\\markj\\OneDrive\\Desktop\\Capstone 2\\smartserminar-suit 1.0 (1)\\smartserminar-suit\\vendor\\laravel\\framework\\src\\Illuminate\\Pipeline\\Pipeline.php(167): Illuminate\\Cookie\\Middleware\\AddQueuedCookiesToResponse->handle(Object(Illuminate\\Http\\Request), Object(Closure))
#25 C:\\Users\\markj\\OneDrive\\Desktop\\Capstone 2\\smartserminar-suit 1.0 (1)\\smartserminar-suit\\vendor\\laravel\\framework\\src\\Illuminate\\Cookie\\Middleware\\EncryptCookies.php(67): Illuminate\\Pipeline\\Pipeline->Illuminate\\Pipeline\\{closure}(Object(Illuminate\\Http\\Request))
#26 C:\\Users\\markj\\OneDrive\\Desktop\\Capstone 2\\smartserminar-suit 1.0 (1)\\smartserminar-suit\\vendor\\laravel\\framework\\src\\Illuminate\\Pipeline\\Pipeline.php(167): Illuminate\\Cookie\\Middleware\\EncryptCookies->handle(Object(Illuminate\\Http\\Request), Object(Closure))
#27 C:\\Users\\markj\\OneDrive\\Desktop\\Capstone 2\\smartserminar-suit 1.0 (1)\\smartserminar-suit\\vendor\\laravel\\framework\\src\\Illuminate\\Pipeline\\Pipeline.php(103): Illuminate\\Pipeline\\Pipeline->Illuminate\\Pipeline\\{closure}(Object(Illuminate\\Http\\Request))
#28 C:\\Users\\markj\\OneDrive\\Desktop\\Capstone 2\\smartserminar-suit 1.0 (1)\\smartserminar-suit\\vendor\\laravel\\framework\\src\\Illuminate\\Routing\\Router.php(687): Illuminate\\Pipeline\\Pipeline->then(Object(Closure))
#29 C:\\Users\\markj\\OneDrive\\Desktop\\Capstone 2\\smartserminar-suit 1.0 (1)\\smartserminar-suit\\vendor\\laravel\\framework\\src\\Illuminate\\Routing\\Router.php(662): Illuminate\\Routing\\Router->runRouteWithinStack(Object(Illuminate\\Routing\\Route), Object(Illuminate\\Http\\Request))
#30 C:\\Users\\markj\\OneDrive\\Desktop\\Capstone 2\\smartserminar-suit 1.0 (1)\\smartserminar-suit\\vendor\\laravel\\framework\\src\\Illuminate\\Routing\\Router.php(628): Illuminate\\Routing\\Router->runRoute(Object(Illuminate\\Http\\Request), Object(Illuminate\\Routing\\Route))
#31 C:\\Users\\markj\\OneDrive\\Desktop\\Capstone 2\\smartserminar-suit 1.0 (1)\\smartserminar-suit\\vendor\\laravel\\framework\\src\\Illuminate\\Routing\\Router.php(617): Illuminate\\Routing\\Router->dispatchToRoute(Object(Illuminate\\Http\\Request))
#32 C:\\Users\\markj\\OneDrive\\Desktop\\Capstone 2\\smartserminar-suit 1.0 (1)\\smartserminar-suit\\vendor\\laravel\\framework\\src\\Illuminate\\Foundation\\Http\\Kernel.php(165): Illuminate\\Routing\\Router->dispatch(Object(Illuminate\\Http\\Request))
#33 C:\\Users\\markj\\OneDrive\\Desktop\\Capstone 2\\smartserminar-suit 1.0 (1)\\smartserminar-suit\\vendor\\laravel\\framework\\src\\Illuminate\\Pipeline\\Pipeline.php(128): Illuminate\\Foundation\\Http\\Kernel->Illuminate\\Foundation\\Http\\{closure}(Object(Illuminate\\Http\\Request))
#34 C:\\Users\\markj\\OneDrive\\Desktop\\Capstone 2\\smartserminar-suit 1.0 (1)\\smartserminar-suit\\vendor\\laravel\\framework\\src\\Illuminate\\Foundation\\Http\\Middleware\\TransformsRequest.php(21): Illuminate\\Pipeline\\Pipeline->Illuminate\\Pipeline\\{closure}(Object(Illuminate\\Http\\Request))
#35 C:\\Users\\markj\\OneDrive\\Desktop\\Capstone 2\\smartserminar-suit 1.0 (1)\\smartserminar-suit\\vendor\\laravel\\framework\\src\\Illuminate\\Pipeline\\Pipeline.php(167): Illuminate\\Foundation\\Http\\Middleware\\TransformsRequest->handle(Object(Illuminate\\Http\\Request), Object(Closure))
#36 C:\\Users\\markj\\OneDrive\\Desktop\\Capstone 2\\smartserminar-suit 1.0 (1)\\smartserminar-suit\\vendor\\laravel\\framework\\src\\Illuminate\\Foundation\\Http\\Middleware\\TransformsRequest.php(21): Illuminate\\Pipeline\\Pipeline->Illuminate\\Pipeline\\{closure}(Object(Illuminate\\Http\\Request))
#37 C:\\Users\\markj\\OneDrive\\Desktop\\Capstone 2\\smartserminar-suit 1.0 (1)\\smartserminar-suit\\vendor\\laravel\\framework\\src\\Illuminate\\Pipeline\\Pipeline.php(167): Illuminate\\Foundation\\Http\\Middleware\\TransformsRequest->handle(Object(Illuminate\\Http\\Request), Object(Closure))
#38 C:\\Users\\markj\\OneDrive\\Desktop\\Capstone 2\\smartserminar-suit 1.0 (1)\\smartserminar-suit\\vendor\\laravel\\framework\\src\\Illuminate\\Foundation\\Http\\Middleware\\ValidatePostSize.php(27): Illuminate\\Pipeline\\Pipeline->Illuminate\\Pipeline\\{closure}(Object(Illuminate\\Http\\Request))
#39 C:\\Users\\markj\\OneDrive\\Desktop\\Capstone 2\\smartserminar-suit 1.0 (1)\\smartserminar-suit\\vendor\\laravel\\framework\\src\\Illuminate\\Pipeline\\Pipeline.php(167): Illuminate\\Foundation\\Http\\Middleware\\ValidatePostSize->handle(Object(Illuminate\\Http\\Request), Object(Closure))
#40 C:\\Users\\markj\\OneDrive\\Desktop\\Capstone 2\\smartserminar-suit 1.0 (1)\\smartserminar-suit\\vendor\\laravel\\framework\\src\\Illuminate\\Foundation\\Http\\Middleware\\CheckForMaintenanceMode.php(63): Illuminate\\Pipeline\\Pipeline->Illuminate\\Pipeline\\{closure}(Object(Illuminate\\Http\\Request))
#41 C:\\Users\\markj\\OneDrive\\Desktop\\Capstone 2\\smartserminar-suit 1.0 (1)\\smartserminar-suit\\vendor\\laravel\\framework\\src\\Illuminate\\Pipeline\\Pipeline.php(167): Illuminate\\Foundation\\Http\\Middleware\\CheckForMaintenanceMode->handle(Object(Illuminate\\Http\\Request), Object(Closure))
#42 C:\\Users\\markj\\OneDrive\\Desktop\\Capstone 2\\smartserminar-suit 1.0 (1)\\smartserminar-suit\\vendor\\fideloper\\proxy\\src\\TrustProxies.php(57): Illuminate\\Pipeline\\Pipeline->Illuminate\\Pipeline\\{closure}(Object(Illuminate\\Http\\Request))
#43 C:\\Users\\markj\\OneDrive\\Desktop\\Capstone 2\\smartserminar-suit 1.0 (1)\\smartserminar-suit\\vendor\\laravel\\framework\\src\\Illuminate\\Pipeline\\Pipeline.php(167): Fideloper\\Proxy\\TrustProxies->handle(Object(Illuminate\\Http\\Request), Object(Closure))
#44 C:\\Users\\markj\\OneDrive\\Desktop\\Capstone 2\\smartserminar-suit 1.0 (1)\\smartserminar-suit\\vendor\\fruitcake\\laravel-cors\\src\\HandleCors.php(38): Illuminate\\Pipeline\\Pipeline->Illuminate\\Pipeline\\{closure}(Object(Illuminate\\Http\\Request))
#45 C:\\Users\\markj\\OneDrive\\Desktop\\Capstone 2\\smartserminar-suit 1.0 (1)\\smartserminar-suit\\vendor\\laravel\\framework\\src\\Illuminate\\Pipeline\\Pipeline.php(167): Fruitcake\\Cors\\HandleCors->handle(Object(Illuminate\\Http\\Request), Object(Closure))
#46 C:\\Users\\markj\\OneDrive\\Desktop\\Capstone 2\\smartserminar-suit 1.0 (1)\\smartserminar-suit\\vendor\\laravel\\framework\\src\\Illuminate\\Pipeline\\Pipeline.php(103): Illuminate\\Pipeline\\Pipeline->Illuminate\\Pipeline\\{closure}(Object(Illuminate\\Http\\Request))
#47 C:\\Users\\markj\\OneDrive\\Desktop\\Capstone 2\\smartserminar-suit 1.0 (1)\\smartserminar-suit\\vendor\\laravel\\framework\\src\\Illuminate\\Foundation\\Http\\Kernel.php(140): Illuminate\\Pipeline\\Pipeline->then(Object(Closure))
#48 C:\\Users\\markj\\OneDrive\\Desktop\\Capstone 2\\smartserminar-suit 1.0 (1)\\smartserminar-suit\\vendor\\laravel\\framework\\src\\Illuminate\\Foundation\\Http\\Kernel.php(109): Illuminate\\Foundation\\Http\\Kernel->sendRequestThroughRouter(Object(Illuminate\\Http\\Request))
#49 C:\\Users\\markj\\OneDrive\\Desktop\\Capstone 2\\smartserminar-suit 1.0 (1)\\smartserminar-suit\\public\\index.php(55): Illuminate\\Foundation\\Http\\Kernel->handle(Object(Illuminate\\Http\\Request))
#50 C:\\Users\\markj\\OneDrive\\Desktop\\Capstone 2\\smartserminar-suit 1.0 (1)\\smartserminar-suit\\server.php(21): require_once('C:\\\\Users\\\\markj\\\\...')
#51 {main}
"} 
[2024-10-13 15:21:34] local.ERROR: Class 'App\Models\Backoffice\Coordinator' not found {"userId":1,"exception":"[object] (Error(code: 0): Class 'App\\Models\\Backoffice\\Coordinator' not found at C:\\Users\\markj\\OneDrive\\Desktop\\Capstone 2\\smartserminar-suit 1.0 (1)\\smartserminar-suit\\app\\Http\\Controllers\\Backoffice\\EventsController.php:107)
[stacktrace]
#0 C:\\Users\\markj\\OneDrive\\Desktop\\Capstone 2\\smartserminar-suit 1.0 (1)\\smartserminar-suit\\vendor\\laravel\\framework\\src\\Illuminate\\Routing\\Controller.php(54): App\\Http\\Controllers\\Backoffice\\EventsController->store(Object(App\\Http\\Requests\\Backoffice\\EventRequest))
#1 C:\\Users\\markj\\OneDrive\\Desktop\\Capstone 2\\smartserminar-suit 1.0 (1)\\smartserminar-suit\\vendor\\laravel\\framework\\src\\Illuminate\\Routing\\ControllerDispatcher.php(45): Illuminate\\Routing\\Controller->callAction('store', Array)
#2 C:\\Users\\markj\\OneDrive\\Desktop\\Capstone 2\\smartserminar-suit 1.0 (1)\\smartserminar-suit\\vendor\\laravel\\framework\\src\\Illuminate\\Routing\\Route.php(239): Illuminate\\Routing\\ControllerDispatcher->dispatch(Object(Illuminate\\Routing\\Route), Object(App\\Http\\Controllers\\Backoffice\\EventsController), 'store')
#3 C:\\Users\\markj\\OneDrive\\Desktop\\Capstone 2\\smartserminar-suit 1.0 (1)\\smartserminar-suit\\vendor\\laravel\\framework\\src\\Illuminate\\Routing\\Route.php(196): Illuminate\\Routing\\Route->runController()
#4 C:\\Users\\markj\\OneDrive\\Desktop\\Capstone 2\\smartserminar-suit 1.0 (1)\\smartserminar-suit\\vendor\\laravel\\framework\\src\\Illuminate\\Routing\\Router.php(685): Illuminate\\Routing\\Route->run()
#5 C:\\Users\\markj\\OneDrive\\Desktop\\Capstone 2\\smartserminar-suit 1.0 (1)\\smartserminar-suit\\vendor\\laravel\\framework\\src\\Illuminate\\Pipeline\\Pipeline.php(128): Illuminate\\Routing\\Router->Illuminate\\Routing\\{closure}(Object(Illuminate\\Http\\Request))
#6 C:\\Users\\markj\\OneDrive\\Desktop\\Capstone 2\\smartserminar-suit 1.0 (1)\\smartserminar-suit\\vendor\\laravel\\framework\\src\\Illuminate\\Auth\\Middleware\\Authenticate.php(44): Illuminate\\Pipeline\\Pipeline->Illuminate\\Pipeline\\{closure}(Object(Illuminate\\Http\\Request))
#7 C:\\Users\\markj\\OneDrive\\Desktop\\Capstone 2\\smartserminar-suit 1.0 (1)\\smartserminar-suit\\vendor\\laravel\\framework\\src\\Illuminate\\Pipeline\\Pipeline.php(167): Illuminate\\Auth\\Middleware\\Authenticate->handle(Object(Illuminate\\Http\\Request), Object(Closure))
#8 C:\\Users\\markj\\OneDrive\\Desktop\\Capstone 2\\smartserminar-suit 1.0 (1)\\smartserminar-suit\\vendor\\laravel\\framework\\src\\Illuminate\\Routing\\Middleware\\SubstituteBindings.php(41): Illuminate\\Pipeline\\Pipeline->Illuminate\\Pipeline\\{closure}(Object(Illuminate\\Http\\Request))
#9 C:\\Users\\markj\\OneDrive\\Desktop\\Capstone 2\\smartserminar-suit 1.0 (1)\\smartserminar-suit\\vendor\\laravel\\framework\\src\\Illuminate\\Pipeline\\Pipeline.php(167): Illuminate\\Routing\\Middleware\\SubstituteBindings->handle(Object(Illuminate\\Http\\Request), Object(Closure))
#10 C:\\Users\\markj\\OneDrive\\Desktop\\Capstone 2\\smartserminar-suit 1.0 (1)\\smartserminar-suit\\vendor\\laravel\\framework\\src\\Illuminate\\Foundation\\Http\\Middleware\\VerifyCsrfToken.php(78): Illuminate\\Pipeline\\Pipeline->Illuminate\\Pipeline\\{closure}(Object(Illuminate\\Http\\Request))
#11 C:\\Users\\markj\\OneDrive\\Desktop\\Capstone 2\\smartserminar-suit 1.0 (1)\\smartserminar-suit\\vendor\\laravel\\framework\\src\\Illuminate\\Pipeline\\Pipeline.php(167): Illuminate\\Foundation\\Http\\Middleware\\VerifyCsrfToken->handle(Object(Illuminate\\Http\\Request), Object(Closure))
#12 C:\\Users\\markj\\OneDrive\\Desktop\\Capstone 2\\smartserminar-suit 1.0 (1)\\smartserminar-suit\\vendor\\laravel\\framework\\src\\Illuminate\\View\\Middleware\\ShareErrorsFromSession.php(49): Illuminate\\Pipeline\\Pipeline->Illuminate\\Pipeline\\{closure}(Object(Illuminate\\Http\\Request))
#13 C:\\Users\\markj\\OneDrive\\Desktop\\Capstone 2\\smartserminar-suit 1.0 (1)\\smartserminar-suit\\vendor\\laravel\\framework\\src\\Illuminate\\Pipeline\\Pipeline.php(167): Illuminate\\View\\Middleware\\ShareErrorsFromSession->handle(Object(Illuminate\\Http\\Request), Object(Closure))
#14 C:\\Users\\markj\\OneDrive\\Desktop\\Capstone 2\\smartserminar-suit 1.0 (1)\\smartserminar-suit\\vendor\\laravel\\framework\\src\\Illuminate\\Session\\Middleware\\StartSession.php(116): Illuminate\\Pipeline\\Pipeline->Illuminate\\Pipeline\\{closure}(Object(Illuminate\\Http\\Request))
#15 C:\\Users\\markj\\OneDrive\\Desktop\\Capstone 2\\smartserminar-suit 1.0 (1)\\smartserminar-suit\\vendor\\laravel\\framework\\src\\Illuminate\\Session\\Middleware\\StartSession.php(62): Illuminate\\Session\\Middleware\\StartSession->handleStatefulRequest(Object(Illuminate\\Http\\Request), Object(Illuminate\\Session\\Store), Object(Closure))
#16 C:\\Users\\markj\\OneDrive\\Desktop\\Capstone 2\\smartserminar-suit 1.0 (1)\\smartserminar-suit\\vendor\\laravel\\framework\\src\\Illuminate\\Pipeline\\Pipeline.php(167): Illuminate\\Session\\Middleware\\StartSession->handle(Object(Illuminate\\Http\\Request), Object(Closure))
#17 C:\\Users\\markj\\OneDrive\\Desktop\\Capstone 2\\smartserminar-suit 1.0 (1)\\smartserminar-suit\\vendor\\laravel\\framework\\src\\Illuminate\\Cookie\\Middleware\\AddQueuedCookiesToResponse.php(37): Illuminate\\Pipeline\\Pipeline->Illuminate\\Pipeline\\{closure}(Object(Illuminate\\Http\\Request))
#18 C:\\Users\\markj\\OneDrive\\Desktop\\Capstone 2\\smartserminar-suit 1.0 (1)\\smartserminar-suit\\vendor\\laravel\\framework\\src\\Illuminate\\Pipeline\\Pipeline.php(167): Illuminate\\Cookie\\Middleware\\AddQueuedCookiesToResponse->handle(Object(Illuminate\\Http\\Request), Object(Closure))
#19 C:\\Users\\markj\\OneDrive\\Desktop\\Capstone 2\\smartserminar-suit 1.0 (1)\\smartserminar-suit\\vendor\\laravel\\framework\\src\\Illuminate\\Cookie\\Middleware\\EncryptCookies.php(67): Illuminate\\Pipeline\\Pipeline->Illuminate\\Pipeline\\{closure}(Object(Illuminate\\Http\\Request))
#20 C:\\Users\\markj\\OneDrive\\Desktop\\Capstone 2\\smartserminar-suit 1.0 (1)\\smartserminar-suit\\vendor\\laravel\\framework\\src\\Illuminate\\Pipeline\\Pipeline.php(167): Illuminate\\Cookie\\Middleware\\EncryptCookies->handle(Object(Illuminate\\Http\\Request), Object(Closure))
#21 C:\\Users\\markj\\OneDrive\\Desktop\\Capstone 2\\smartserminar-suit 1.0 (1)\\smartserminar-suit\\vendor\\laravel\\framework\\src\\Illuminate\\Pipeline\\Pipeline.php(103): Illuminate\\Pipeline\\Pipeline->Illuminate\\Pipeline\\{closure}(Object(Illuminate\\Http\\Request))
#22 C:\\Users\\markj\\OneDrive\\Desktop\\Capstone 2\\smartserminar-suit 1.0 (1)\\smartserminar-suit\\vendor\\laravel\\framework\\src\\Illuminate\\Routing\\Router.php(687): Illuminate\\Pipeline\\Pipeline->then(Object(Closure))
#23 C:\\Users\\markj\\OneDrive\\Desktop\\Capstone 2\\smartserminar-suit 1.0 (1)\\smartserminar-suit\\vendor\\laravel\\framework\\src\\Illuminate\\Routing\\Router.php(662): Illuminate\\Routing\\Router->runRouteWithinStack(Object(Illuminate\\Routing\\Route), Object(Illuminate\\Http\\Request))
#24 C:\\Users\\markj\\OneDrive\\Desktop\\Capstone 2\\smartserminar-suit 1.0 (1)\\smartserminar-suit\\vendor\\laravel\\framework\\src\\Illuminate\\Routing\\Router.php(628): Illuminate\\Routing\\Router->runRoute(Object(Illuminate\\Http\\Request), Object(Illuminate\\Routing\\Route))
#25 C:\\Users\\markj\\OneDrive\\Desktop\\Capstone 2\\smartserminar-suit 1.0 (1)\\smartserminar-suit\\vendor\\laravel\\framework\\src\\Illuminate\\Routing\\Router.php(617): Illuminate\\Routing\\Router->dispatchToRoute(Object(Illuminate\\Http\\Request))
#26 C:\\Users\\markj\\OneDrive\\Desktop\\Capstone 2\\smartserminar-suit 1.0 (1)\\smartserminar-suit\\vendor\\laravel\\framework\\src\\Illuminate\\Foundation\\Http\\Kernel.php(165): Illuminate\\Routing\\Router->dispatch(Object(Illuminate\\Http\\Request))
#27 C:\\Users\\markj\\OneDrive\\Desktop\\Capstone 2\\smartserminar-suit 1.0 (1)\\smartserminar-suit\\vendor\\laravel\\framework\\src\\Illuminate\\Pipeline\\Pipeline.php(128): Illuminate\\Foundation\\Http\\Kernel->Illuminate\\Foundation\\Http\\{closure}(Object(Illuminate\\Http\\Request))
#28 C:\\Users\\markj\\OneDrive\\Desktop\\Capstone 2\\smartserminar-suit 1.0 (1)\\smartserminar-suit\\vendor\\laravel\\framework\\src\\Illuminate\\Foundation\\Http\\Middleware\\TransformsRequest.php(21): Illuminate\\Pipeline\\Pipeline->Illuminate\\Pipeline\\{closure}(Object(Illuminate\\Http\\Request))
#29 C:\\Users\\markj\\OneDrive\\Desktop\\Capstone 2\\smartserminar-suit 1.0 (1)\\smartserminar-suit\\vendor\\laravel\\framework\\src\\Illuminate\\Pipeline\\Pipeline.php(167): Illuminate\\Foundation\\Http\\Middleware\\TransformsRequest->handle(Object(Illuminate\\Http\\Request), Object(Closure))
#30 C:\\Users\\markj\\OneDrive\\Desktop\\Capstone 2\\smartserminar-suit 1.0 (1)\\smartserminar-suit\\vendor\\laravel\\framework\\src\\Illuminate\\Foundation\\Http\\Middleware\\TransformsRequest.php(21): Illuminate\\Pipeline\\Pipeline->Illuminate\\Pipeline\\{closure}(Object(Illuminate\\Http\\Request))
#31 C:\\Users\\markj\\OneDrive\\Desktop\\Capstone 2\\smartserminar-suit 1.0 (1)\\smartserminar-suit\\vendor\\laravel\\framework\\src\\Illuminate\\Pipeline\\Pipeline.php(167): Illuminate\\Foundation\\Http\\Middleware\\TransformsRequest->handle(Object(Illuminate\\Http\\Request), Object(Closure))
#32 C:\\Users\\markj\\OneDrive\\Desktop\\Capstone 2\\smartserminar-suit 1.0 (1)\\smartserminar-suit\\vendor\\laravel\\framework\\src\\Illuminate\\Foundation\\Http\\Middleware\\ValidatePostSize.php(27): Illuminate\\Pipeline\\Pipeline->Illuminate\\Pipeline\\{closure}(Object(Illuminate\\Http\\Request))
#33 C:\\Users\\markj\\OneDrive\\Desktop\\Capstone 2\\smartserminar-suit 1.0 (1)\\smartserminar-suit\\vendor\\laravel\\framework\\src\\Illuminate\\Pipeline\\Pipeline.php(167): Illuminate\\Foundation\\Http\\Middleware\\ValidatePostSize->handle(Object(Illuminate\\Http\\Request), Object(Closure))
#34 C:\\Users\\markj\\OneDrive\\Desktop\\Capstone 2\\smartserminar-suit 1.0 (1)\\smartserminar-suit\\vendor\\laravel\\framework\\src\\Illuminate\\Foundation\\Http\\Middleware\\CheckForMaintenanceMode.php(63): Illuminate\\Pipeline\\Pipeline->Illuminate\\Pipeline\\{closure}(Object(Illuminate\\Http\\Request))
#35 C:\\Users\\markj\\OneDrive\\Desktop\\Capstone 2\\smartserminar-suit 1.0 (1)\\smartserminar-suit\\vendor\\laravel\\framework\\src\\Illuminate\\Pipeline\\Pipeline.php(167): Illuminate\\Foundation\\Http\\Middleware\\CheckForMaintenanceMode->handle(Object(Illuminate\\Http\\Request), Object(Closure))
#36 C:\\Users\\markj\\OneDrive\\Desktop\\Capstone 2\\smartserminar-suit 1.0 (1)\\smartserminar-suit\\vendor\\fideloper\\proxy\\src\\TrustProxies.php(57): Illuminate\\Pipeline\\Pipeline->Illuminate\\Pipeline\\{closure}(Object(Illuminate\\Http\\Request))
#37 C:\\Users\\markj\\OneDrive\\Desktop\\Capstone 2\\smartserminar-suit 1.0 (1)\\smartserminar-suit\\vendor\\laravel\\framework\\src\\Illuminate\\Pipeline\\Pipeline.php(167): Fideloper\\Proxy\\TrustProxies->handle(Object(Illuminate\\Http\\Request), Object(Closure))
#38 C:\\Users\\markj\\OneDrive\\Desktop\\Capstone 2\\smartserminar-suit 1.0 (1)\\smartserminar-suit\\vendor\\fruitcake\\laravel-cors\\src\\HandleCors.php(38): Illuminate\\Pipeline\\Pipeline->Illuminate\\Pipeline\\{closure}(Object(Illuminate\\Http\\Request))
#39 C:\\Users\\markj\\OneDrive\\Desktop\\Capstone 2\\smartserminar-suit 1.0 (1)\\smartserminar-suit\\vendor\\laravel\\framework\\src\\Illuminate\\Pipeline\\Pipeline.php(167): Fruitcake\\Cors\\HandleCors->handle(Object(Illuminate\\Http\\Request), Object(Closure))
#40 C:\\Users\\markj\\OneDrive\\Desktop\\Capstone 2\\smartserminar-suit 1.0 (1)\\smartserminar-suit\\vendor\\laravel\\framework\\src\\Illuminate\\Pipeline\\Pipeline.php(103): Illuminate\\Pipeline\\Pipeline->Illuminate\\Pipeline\\{closure}(Object(Illuminate\\Http\\Request))
#41 C:\\Users\\markj\\OneDrive\\Desktop\\Capstone 2\\smartserminar-suit 1.0 (1)\\smartserminar-suit\\vendor\\laravel\\framework\\src\\Illuminate\\Foundation\\Http\\Kernel.php(140): Illuminate\\Pipeline\\Pipeline->then(Object(Closure))
#42 C:\\Users\\markj\\OneDrive\\Desktop\\Capstone 2\\smartserminar-suit 1.0 (1)\\smartserminar-suit\\vendor\\laravel\\framework\\src\\Illuminate\\Foundation\\Http\\Kernel.php(109): Illuminate\\Foundation\\Http\\Kernel->sendRequestThroughRouter(Object(Illuminate\\Http\\Request))
#43 C:\\Users\\markj\\OneDrive\\Desktop\\Capstone 2\\smartserminar-suit 1.0 (1)\\smartserminar-suit\\public\\index.php(55): Illuminate\\Foundation\\Http\\Kernel->handle(Object(Illuminate\\Http\\Request))
#44 C:\\Users\\markj\\OneDrive\\Desktop\\Capstone 2\\smartserminar-suit 1.0 (1)\\smartserminar-suit\\server.php(21): require_once('C:\\\\Users\\\\markj\\\\...')
#45 {main}
"} 
